Started GET "/" for 127.0.0.1 at 2023-10-03 21:57:41 +0000
Processing by Rails::WelcomeController#index as HTML
  Rendering /home/ahmed-nazir/.rvm/gems/ruby-3.1.3/gems/railties-7.0.8/lib/rails/templates/rails/welcome/index.html.erb
  Rendered /home/ahmed-nazir/.rvm/gems/ruby-3.1.3/gems/railties-7.0.8/lib/rails/templates/rails/welcome/index.html.erb (Duration: 30.9ms | Allocations: 635)
Completed 200 OK in 614ms (Views: 113.9ms | ActiveRecord: 0.0ms | Allocations: 7097)


  [1m[35m (14.6ms)[0m  [1m[35mCREATE TABLE "schema_migrations" ("version" varchar NOT NULL PRIMARY KEY)[0m
  [1m[35m (15.2ms)[0m  [1m[35mCREATE TABLE "ar_internal_metadata" ("key" varchar NOT NULL PRIMARY KEY, "value" varchar, "created_at" datetime(6) NOT NULL, "updated_at" datetime(6) NOT NULL)[0m
  [1m[36mActiveRecord::SchemaMigration Pluck (2.7ms)[0m  [1m[34mSELECT "schema_migrations"."version" FROM "schema_migrations" ORDER BY "schema_migrations"."version" ASC[0m
Migrating to CreatePosts (20231003220017)
  [1m[36mTRANSACTION (0.1ms)[0m  [1m[36mbegin transaction[0m
  [1m[35m (6.7ms)[0m  [1m[35mCREATE TABLE "posts" ("id" integer PRIMARY KEY AUTOINCREMENT NOT NULL, "title" varchar, "description" varchar, "created_at" datetime(6) NOT NULL, "updated_at" datetime(6) NOT NULL)[0m
  [1m[36mActiveRecord::SchemaMigration Create (1.7ms)[0m  [1m[32mINSERT INTO "schema_migrations" ("version") VALUES (?)[0m  [["version", "20231003220017"]]
  [1m[36mTRANSACTION (10.3ms)[0m  [1m[36mcommit transaction[0m
  [1m[36mActiveRecord::InternalMetadata Load (5.2ms)[0m  [1m[34mSELECT "ar_internal_metadata".* FROM "ar_internal_metadata" WHERE "ar_internal_metadata"."key" = ? LIMIT ?[0m  [["key", "environment"], ["LIMIT", 1]]
  [1m[36mTRANSACTION (0.1ms)[0m  [1m[36mbegin transaction[0m
  [1m[36mActiveRecord::InternalMetadata Create (10.7ms)[0m  [1m[32mINSERT INTO "ar_internal_metadata" ("key", "value", "created_at", "updated_at") VALUES (?, ?, ?, ?)[0m  [["key", "environment"], ["value", "development"], ["created_at", "2023-10-03 22:02:27.498551"], ["updated_at", "2023-10-03 22:02:27.498551"]]
  [1m[36mTRANSACTION (9.7ms)[0m  [1m[36mcommit transaction[0m
  [1m[36mActiveRecord::SchemaMigration Pluck (2.9ms)[0m  [1m[34mSELECT "schema_migrations"."version" FROM "schema_migrations" ORDER BY "schema_migrations"."version" ASC[0m
Started GET "/" for ::1 at 2023-10-05 23:16:10 +0000
  [1m[36mActiveRecord::SchemaMigration Pluck (3.3ms)[0m  [1m[34mSELECT "schema_migrations"."version" FROM "schema_migrations" ORDER BY "schema_migrations"."version" ASC[0m
Processing by Rails::WelcomeController#index as HTML
  Rendering /home/ahmed-nazir/.rvm/gems/ruby-3.1.3/gems/railties-7.0.8/lib/rails/templates/rails/welcome/index.html.erb
  Rendered /home/ahmed-nazir/.rvm/gems/ruby-3.1.3/gems/railties-7.0.8/lib/rails/templates/rails/welcome/index.html.erb (Duration: 9.1ms | Allocations: 527)
Completed 200 OK in 222ms (Views: 33.7ms | ActiveRecord: 0.0ms | Allocations: 4560)


Started GET "/" for ::1 at 2023-10-05 23:19:35 +0000
  
ActionController::RoutingError (uninitialized constant PostController

      Object.const_get(camel_cased_word)
            ^^^^^^^^^^
Did you mean?  PostsController

            raise MissingController.new(error.message, error.name)
            ^^^^^):
  
Started GET "/" for ::1 at 2023-10-05 23:20:06 +0000
Processing by PostsController#index as HTML
  Rendering layout layouts/application.html.erb
  Rendering posts/index.html.erb within layouts/application
  [1m[36mPost Load (2.9ms)[0m  [1m[34mSELECT "posts".* FROM "posts"[0m
  ↳ app/views/posts/index.html.erb:6
  Rendered posts/index.html.erb within layouts/application (Duration: 29.3ms | Allocations: 1404)
  Rendered layout layouts/application.html.erb (Duration: 2765.2ms | Allocations: 97108)
Completed 200 OK in 2926ms (Views: 2774.8ms | ActiveRecord: 6.6ms | Allocations: 99001)


Started GET "/" for ::1 at 2023-10-05 23:25:26 +0000
Processing by PostsController#index as HTML
  Rendering layout layouts/application.html.erb
  Rendering posts/index.html.erb within layouts/application
  [1m[36mPost Load (3.4ms)[0m  [1m[34mSELECT "posts".* FROM "posts"[0m
  ↳ app/views/posts/index.html.erb:6
  Rendered posts/index.html.erb within layouts/application (Duration: 18.2ms | Allocations: 1206)
  Rendered layout layouts/application.html.erb (Duration: 221.8ms | Allocations: 5703)
Completed 500 Internal Server Error in 290ms (ActiveRecord: 3.4ms | Allocations: 6655)


  
ActionView::Template::Error (Missing partial layout/_nav with {:locale=>[:en], :formats=>[:html], :variants=>[], :handlers=>[:raw, :erb, :html, :builder, :ruby, :jbuilder]}.

Searched in:
  * "/mnt/c/Users/na/myTube/app/views"
  * "/home/ahmed-nazir/.rvm/gems/ruby-3.1.3/gems/turbo-rails-1.4.0/app/views"
  * "/home/ahmed-nazir/.rvm/gems/ruby-3.1.3/gems/actiontext-7.0.8/app/views"
  * "/home/ahmed-nazir/.rvm/gems/ruby-3.1.3/gems/actionmailbox-7.0.8/app/views"

Did you mean?  layouts/nav
               layouts/action_text/contents/content
               action_text/attachables/missing_attachable
               posts/form
               posts/post
               action_text/contents/content):
    11:   </head>
    12: 
    13:   <body>
    14:     <%= render 'layout/nav' %>
    15:     <%= yield %>
    16:   </body>
    17: </html>
  
app/views/layouts/application.html.erb:14
Started GET "/" for ::1 at 2023-10-05 23:26:05 +0000
Processing by PostsController#index as HTML
  Rendering layout layouts/application.html.erb
  Rendering posts/index.html.erb within layouts/application
  [1m[36mPost Load (3.6ms)[0m  [1m[34mSELECT "posts".* FROM "posts"[0m
  ↳ app/views/posts/index.html.erb:6
  Rendered posts/index.html.erb within layouts/application (Duration: 17.8ms | Allocations: 1187)
  Rendered layouts/_nav.html.erb (Duration: 11.2ms | Allocations: 99)
  Rendered layout layouts/application.html.erb (Duration: 168.2ms | Allocations: 4045)
Completed 200 OK in 233ms (Views: 183.4ms | ActiveRecord: 3.6ms | Allocations: 5007)


Started GET "/posts/new" for ::1 at 2023-10-05 23:26:12 +0000
Processing by PostsController#new as HTML
  Rendering layout layouts/application.html.erb
  Rendering posts/new.html.erb within layouts/application
  Rendered posts/_form.html.erb (Duration: 87.2ms | Allocations: 2471)
  Rendered posts/new.html.erb within layouts/application (Duration: 106.6ms | Allocations: 2811)
  Rendered layouts/_nav.html.erb (Duration: 0.0ms | Allocations: 10)
  Rendered layout layouts/application.html.erb (Duration: 209.2ms | Allocations: 5215)
Completed 200 OK in 389ms (Views: 210.3ms | ActiveRecord: 13.5ms | Allocations: 11693)


Started POST "/posts" for ::1 at 2023-10-05 23:26:24 +0000
Processing by PostsController#create as TURBO_STREAM
  Parameters: {"authenticity_token"=>"[FILTERED]", "post"=>{"title"=>"NEW post 1", "description"=>"new pppp"}, "commit"=>"Create Post"}
  [1m[36mTRANSACTION (0.0ms)[0m  [1m[36mbegin transaction[0m
  ↳ app/controllers/posts_controller.rb:27:in `block in create'
  [1m[36mPost Create (9.1ms)[0m  [1m[32mINSERT INTO "posts" ("title", "description", "created_at", "updated_at") VALUES (?, ?, ?, ?)[0m  [["title", "NEW post 1"], ["description", "new pppp"], ["created_at", "2023-10-05 23:26:24.679516"], ["updated_at", "2023-10-05 23:26:24.679516"]]
  ↳ app/controllers/posts_controller.rb:27:in `block in create'
  [1m[36mTRANSACTION (10.3ms)[0m  [1m[36mcommit transaction[0m
  ↳ app/controllers/posts_controller.rb:27:in `block in create'
Redirected to http://localhost:3000/posts/1
Completed 302 Found in 57ms (ActiveRecord: 19.5ms | Allocations: 3785)


Started GET "/posts/1" for ::1 at 2023-10-05 23:26:24 +0000
Processing by PostsController#show as TURBO_STREAM
  Parameters: {"id"=>"1"}
  [1m[36mPost Load (2.4ms)[0m  [1m[34mSELECT "posts".* FROM "posts" WHERE "posts"."id" = ? LIMIT ?[0m  [["id", 1], ["LIMIT", 1]]
  ↳ app/controllers/posts_controller.rb:63:in `set_post'
  Rendering layout layouts/application.html.erb
  Rendering posts/show.html.erb within layouts/application
  Rendered posts/_post.html.erb (Duration: 10.5ms | Allocations: 235)
  Rendered posts/show.html.erb within layouts/application (Duration: 64.3ms | Allocations: 1610)
  Rendered layouts/_nav.html.erb (Duration: 0.0ms | Allocations: 8)
  Rendered layout layouts/application.html.erb (Duration: 168.9ms | Allocations: 3976)
Completed 200 OK in 227ms (Views: 170.0ms | ActiveRecord: 2.4ms | Allocations: 6786)


Started GET "/posts" for ::1 at 2023-10-05 23:26:32 +0000
Processing by PostsController#index as HTML
  Rendering layout layouts/application.html.erb
  Rendering posts/index.html.erb within layouts/application
  [1m[36mPost Load (2.7ms)[0m  [1m[34mSELECT "posts".* FROM "posts"[0m
  ↳ app/views/posts/index.html.erb:6
  Rendered posts/_post.html.erb (Duration: 0.1ms | Allocations: 19)
  Rendered posts/index.html.erb within layouts/application (Duration: 5.9ms | Allocations: 985)
  Rendered layouts/_nav.html.erb (Duration: 0.0ms | Allocations: 8)
  Rendered layout layouts/application.html.erb (Duration: 106.8ms | Allocations: 3243)
Completed 200 OK in 136ms (Views: 105.4ms | ActiveRecord: 2.7ms | Allocations: 3550)


Started GET "/posts/new" for ::1 at 2023-10-05 23:26:38 +0000
Processing by PostsController#new as HTML
  Rendering layout layouts/application.html.erb
  Rendering posts/new.html.erb within layouts/application
  Rendered posts/_form.html.erb (Duration: 1.4ms | Allocations: 1023)
  Rendered posts/new.html.erb within layouts/application (Duration: 1.9ms | Allocations: 1110)
  Rendered layouts/_nav.html.erb (Duration: 0.0ms | Allocations: 8)
  Rendered layout layouts/application.html.erb (Duration: 104.2ms | Allocations: 3366)
Completed 200 OK in 134ms (Views: 105.3ms | ActiveRecord: 0.0ms | Allocations: 3654)


Started POST "/posts" for ::1 at 2023-10-05 23:26:52 +0000
Processing by PostsController#create as TURBO_STREAM
  Parameters: {"authenticity_token"=>"[FILTERED]", "post"=>{"title"=>"test 2", "description"=>"new post two"}, "commit"=>"Create Post"}
  [1m[36mTRANSACTION (0.1ms)[0m  [1m[36mbegin transaction[0m
  ↳ app/controllers/posts_controller.rb:27:in `block in create'
  [1m[36mPost Create (7.2ms)[0m  [1m[32mINSERT INTO "posts" ("title", "description", "created_at", "updated_at") VALUES (?, ?, ?, ?)[0m  [["title", "test 2"], ["description", "new post two"], ["created_at", "2023-10-05 23:26:52.427353"], ["updated_at", "2023-10-05 23:26:52.427353"]]
  ↳ app/controllers/posts_controller.rb:27:in `block in create'
  [1m[36mTRANSACTION (9.6ms)[0m  [1m[36mcommit transaction[0m
  ↳ app/controllers/posts_controller.rb:27:in `block in create'
Redirected to http://localhost:3000/posts/2
Completed 302 Found in 54ms (ActiveRecord: 16.9ms | Allocations: 2340)


Started GET "/posts/2" for ::1 at 2023-10-05 23:26:52 +0000
Processing by PostsController#show as TURBO_STREAM
  Parameters: {"id"=>"2"}
  [1m[36mPost Load (2.9ms)[0m  [1m[34mSELECT "posts".* FROM "posts" WHERE "posts"."id" = ? LIMIT ?[0m  [["id", 2], ["LIMIT", 1]]
  ↳ app/controllers/posts_controller.rb:63:in `set_post'
  Rendering layout layouts/application.html.erb
  Rendering posts/show.html.erb within layouts/application
  Rendered posts/_post.html.erb (Duration: 0.1ms | Allocations: 19)
  Rendered posts/show.html.erb within layouts/application (Duration: 1.8ms | Allocations: 597)
  Rendered layouts/_nav.html.erb (Duration: 0.0ms | Allocations: 8)
  Rendered layout layouts/application.html.erb (Duration: 111.3ms | Allocations: 2844)
Completed 200 OK in 146ms (Views: 112.5ms | ActiveRecord: 2.9ms | Allocations: 3594)


Started GET "/posts" for ::1 at 2023-10-05 23:26:56 +0000
Processing by PostsController#index as HTML
  Rendering layout layouts/application.html.erb
  Rendering posts/index.html.erb within layouts/application
  [1m[36mPost Load (2.6ms)[0m  [1m[34mSELECT "posts".* FROM "posts"[0m
  ↳ app/views/posts/index.html.erb:6
  Rendered posts/_post.html.erb (Duration: 0.1ms | Allocations: 19)
  Rendered posts/_post.html.erb (Duration: 0.1ms | Allocations: 18)
  Rendered posts/index.html.erb within layouts/application (Duration: 6.5ms | Allocations: 1001)
  Rendered layouts/_nav.html.erb (Duration: 0.0ms | Allocations: 8)
  Rendered layout layouts/application.html.erb (Duration: 108.0ms | Allocations: 3256)
Completed 200 OK in 136ms (Views: 106.5ms | ActiveRecord: 2.6ms | Allocations: 3529)


Started GET "/posts" for ::1 at 2023-10-05 23:28:27 +0000
Processing by PostsController#index as HTML
  Rendering layout layouts/application.html.erb
  Rendering posts/index.html.erb within layouts/application
  [1m[36mPost Load (2.9ms)[0m  [1m[34mSELECT "posts".* FROM "posts"[0m
  ↳ app/views/posts/index.html.erb:6
  Rendered posts/_post.html.erb (Duration: 10.1ms | Allocations: 185)
  Rendered posts/_post.html.erb (Duration: 0.0ms | Allocations: 18)
  Rendered posts/index.html.erb within layouts/application (Duration: 42.2ms | Allocations: 1722)
  Rendered layouts/_nav.html.erb (Duration: 9.1ms | Allocations: 95)
  Rendered layouts/_footer.html.erb (Duration: 10.3ms | Allocations: 96)
  Rendered layout layouts/application.html.erb (Duration: 198.4ms | Allocations: 4789)
Completed 200 OK in 259ms (Views: 212.1ms | ActiveRecord: 2.9ms | Allocations: 5733)


Started GET "/posts" for ::1 at 2023-10-05 23:33:03 +0000
Processing by PostsController#index as HTML
  Rendering layout layouts/application.html.erb
  Rendering posts/index.html.erb within layouts/application
  [1m[36mPost Load (2.5ms)[0m  [1m[34mSELECT "posts".* FROM "posts"[0m
  ↳ app/views/posts/index.html.erb:6
  Rendered posts/_post.html.erb (Duration: 10.4ms | Allocations: 185)
  Rendered posts/_post.html.erb (Duration: 0.0ms | Allocations: 18)
  Rendered posts/index.html.erb within layouts/application (Duration: 41.1ms | Allocations: 1712)
  Rendered layouts/_nav.html.erb (Duration: 17.0ms | Allocations: 4879)
  Rendered layout layouts/application.html.erb (Duration: 181.9ms | Allocations: 9345)
Completed 500 Internal Server Error in 243ms (ActiveRecord: 2.5ms | Allocations: 10276)


  
ActionView::Template::Error (undefined local variable or method `current_user' for #<ActionView::Base:0x00000000013b50>

'.freeze;           if current_user 
                       ^^^^^^^^^^^^
Did you mean?  current_page?):
    14:         <!-- Nav Links -->
    15:         <ul class="hidden px-4 mx-auto space-x-12  md:flex font-heading">
    16:           <li><a class="hover:text-gray-200" href="/">Home</a></li>
    17:           <% if current_user %>
    18: 
    19: 
    20:             <li><a class="hover:text-gray-200" href="#">  <%= link_to "My Media", pages_media_path %></a></li>
  
app/views/layouts/_nav.html.erb:17
app/views/layouts/application.html.erb:14
Started GET "/posts" for ::1 at 2023-10-05 23:33:26 +0000
Processing by PostsController#index as HTML
  Rendering layout layouts/application.html.erb
  Rendering posts/index.html.erb within layouts/application
  [1m[36mPost Load (3.0ms)[0m  [1m[34mSELECT "posts".* FROM "posts"[0m
  ↳ app/views/posts/index.html.erb:6
  Rendered posts/_post.html.erb (Duration: 8.6ms | Allocations: 185)
  Rendered posts/_post.html.erb (Duration: 0.1ms | Allocations: 18)
  Rendered posts/index.html.erb within layouts/application (Duration: 38.5ms | Allocations: 1712)
  Rendered layouts/_nav.html.erb (Duration: 18.2ms | Allocations: 4854)
  Rendered layout layouts/application.html.erb (Duration: 176.5ms | Allocations: 9332)
Completed 500 Internal Server Error in 233ms (ActiveRecord: 3.0ms | Allocations: 10254)


  
ActionView::Template::Error (undefined local variable or method `current_user' for #<ActionView::Base:0x00000000013ee8>

        #   '.freeze; if current_user ;@output_buffer.safe_append='
                         ^^^^^^^^^^^^
Did you mean?  current_page?):
    14:         <!-- Nav Links -->
    15:         <ul class="hidden px-4 mx-auto space-x-12  md:flex font-heading">
    16:           <li><a class="hover:text-gray-200" href="/">Home</a></li>
    17:         #   <% if current_user %>
    18: 
    19: 
    20:             <li><a class="hover:text-gray-200" href="#">  <%= link_to "My Media", pages_media_path %></a></li>
  
app/views/layouts/_nav.html.erb:17
app/views/layouts/application.html.erb:14
Started GET "/posts" for ::1 at 2023-10-05 23:33:28 +0000
Processing by PostsController#index as HTML
  Rendering layout layouts/application.html.erb
  Rendering posts/index.html.erb within layouts/application
  [1m[36mPost Load (2.4ms)[0m  [1m[34mSELECT "posts".* FROM "posts"[0m
  ↳ app/views/posts/index.html.erb:6
  Rendered posts/_post.html.erb (Duration: 0.1ms | Allocations: 19)
  Rendered posts/_post.html.erb (Duration: 0.0ms | Allocations: 18)
  Rendered posts/index.html.erb within layouts/application (Duration: 5.3ms | Allocations: 1004)
  Rendered layouts/_nav.html.erb (Duration: 6.8ms | Allocations: 4559)
  Rendered layout layouts/application.html.erb (Duration: 117.2ms | Allocations: 7824)
Completed 500 Internal Server Error in 147ms (ActiveRecord: 2.4ms | Allocations: 8092)


  
ActionView::Template::Error (undefined local variable or method `current_user' for #<ActionView::Base:0x000000000141b8>

        #   '.freeze; if current_user ;@output_buffer.safe_append='
                         ^^^^^^^^^^^^
Did you mean?  current_page?):
    14:         <!-- Nav Links -->
    15:         <ul class="hidden px-4 mx-auto space-x-12  md:flex font-heading">
    16:           <li><a class="hover:text-gray-200" href="/">Home</a></li>
    17:         #   <% if current_user %>
    18: 
    19: 
    20:             <li><a class="hover:text-gray-200" href="#">  <%= link_to "My Media", pages_media_path %></a></li>
  
app/views/layouts/_nav.html.erb:17
app/views/layouts/application.html.erb:14
Started GET "/posts" for ::1 at 2023-10-05 23:34:20 +0000
Processing by PostsController#index as HTML
  Rendering layout layouts/application.html.erb
  Rendering posts/index.html.erb within layouts/application
  [1m[36mPost Load (2.5ms)[0m  [1m[34mSELECT "posts".* FROM "posts"[0m
  ↳ app/views/posts/index.html.erb:6
  Rendered posts/_post.html.erb (Duration: 10.4ms | Allocations: 185)
  Rendered posts/_post.html.erb (Duration: 0.1ms | Allocations: 18)
  Rendered posts/index.html.erb within layouts/application (Duration: 42.4ms | Allocations: 1712)
  Rendered layouts/_nav.html.erb (Duration: 16.5ms | Allocations: 4875)
  Rendered layout layouts/application.html.erb (Duration: 181.7ms | Allocations: 9353)
Completed 500 Internal Server Error in 235ms (ActiveRecord: 2.5ms | Allocations: 10253)


  
ActionView::Template::Error (undefined local variable or method `current_user' for #<ActionView::Base:0x00000000014578>

        #    '.freeze; if current_user ;@output_buffer.safe_append='
                          ^^^^^^^^^^^^
Did you mean?  current_page?):
    14:         <!-- Nav Links -->
    15:         <ul class="hidden px-4 mx-auto space-x-12  md:flex font-heading">
    16:           <li><a class="hover:text-gray-200" href="/">Home</a></li>
    17:         #    <% if current_user %>
    18: 
    19: 
    20:         #     <li><a class="hover:text-gray-200" href="#">  <%= link_to "My Media", pages_media_path %></a></li>
  
app/views/layouts/_nav.html.erb:17
app/views/layouts/application.html.erb:14
Started GET "/posts" for ::1 at 2023-10-05 23:34:38 +0000
Processing by PostsController#index as HTML
  Rendering layout layouts/application.html.erb
  Rendering posts/index.html.erb within layouts/application
  [1m[36mPost Load (2.4ms)[0m  [1m[34mSELECT "posts".* FROM "posts"[0m
  ↳ app/views/posts/index.html.erb:6
  Rendered posts/_post.html.erb (Duration: 9.2ms | Allocations: 185)
  Rendered posts/_post.html.erb (Duration: 0.1ms | Allocations: 18)
  Rendered posts/index.html.erb within layouts/application (Duration: 39.9ms | Allocations: 1715)
  Rendered layouts/_nav.html.erb (Duration: 16.3ms | Allocations: 4868)
  Rendered layout layouts/application.html.erb (Duration: 180.9ms | Allocations: 9349)
Completed 500 Internal Server Error in 239ms (ActiveRecord: 2.4ms | Allocations: 10274)


  
ActionView::Template::Error (undefined local variable or method `current_user' for #<ActionView::Base:0x000000000148e8>

        #    '.freeze; if current_user ;@output_buffer.safe_append='
                          ^^^^^^^^^^^^
Did you mean?  current_page?):
    14:         <!-- Nav Links -->
    15:         <ul class="hidden px-4 mx-auto space-x-12  md:flex font-heading">
    16:           <li><a class="hover:text-gray-200" href="/">Home</a></li>
    17:         #    <% if current_user %>
    18: 
    19: 
    20:         #     <li><a class="hover:text-gray-200" href="#">  <%= link_to "My Media", pages_media_path %></a></li>
  
app/views/layouts/_nav.html.erb:17
app/views/layouts/application.html.erb:14
Started GET "/posts" for ::1 at 2023-10-05 23:35:05 +0000
Processing by PostsController#index as HTML
  Rendering layout layouts/application.html.erb
  Rendering posts/index.html.erb within layouts/application
  [1m[36mPost Load (2.4ms)[0m  [1m[34mSELECT "posts".* FROM "posts"[0m
  ↳ app/views/posts/index.html.erb:6
  Rendered posts/_post.html.erb (Duration: 0.2ms | Allocations: 19)
  Rendered posts/_post.html.erb (Duration: 0.0ms | Allocations: 18)
  Rendered posts/index.html.erb within layouts/application (Duration: 7.1ms | Allocations: 1004)
  Rendered layouts/_nav.html.erb (Duration: 7.3ms | Allocations: 4566)
  Rendered layout layouts/application.html.erb (Duration: 117.2ms | Allocations: 7831)
Completed 500 Internal Server Error in 146ms (ActiveRecord: 2.4ms | Allocations: 8099)


  
ActionView::Template::Error (undefined local variable or method `current_user' for #<ActionView::Base:0x00000000014c08>

        #    '.freeze; if current_user ;@output_buffer.safe_append='
                          ^^^^^^^^^^^^
Did you mean?  current_page?):
    14:         <!-- Nav Links -->
    15:         <ul class="hidden px-4 mx-auto space-x-12  md:flex font-heading">
    16:           <li><a class="hover:text-gray-200" href="/">Home</a></li>
    17:         #    <% if current_user %>
    18: 
    19: 
    20:         #     <li><a class="hover:text-gray-200" href="#">  <%= link_to "My Media", pages_media_path %></a></li>
  
app/views/layouts/_nav.html.erb:17
app/views/layouts/application.html.erb:14
Started GET "/posts" for ::1 at 2023-10-05 23:35:08 +0000
Processing by PostsController#index as HTML
  Rendering layout layouts/application.html.erb
  Rendering posts/index.html.erb within layouts/application
  [1m[36mPost Load (2.4ms)[0m  [1m[34mSELECT "posts".* FROM "posts"[0m
  ↳ app/views/posts/index.html.erb:6
  Rendered posts/_post.html.erb (Duration: 0.1ms | Allocations: 19)
  Rendered posts/_post.html.erb (Duration: 0.0ms | Allocations: 18)
  Rendered posts/index.html.erb within layouts/application (Duration: 5.7ms | Allocations: 1004)
  Rendered layouts/_nav.html.erb (Duration: 7.6ms | Allocations: 4566)
  Rendered layout layouts/application.html.erb (Duration: 119.5ms | Allocations: 7831)
Completed 500 Internal Server Error in 151ms (ActiveRecord: 2.4ms | Allocations: 8077)


  
ActionView::Template::Error (undefined local variable or method `current_user' for #<ActionView::Base:0x00000000014ed8>

        #    '.freeze; if current_user ;@output_buffer.safe_append='
                          ^^^^^^^^^^^^
Did you mean?  current_page?):
    14:         <!-- Nav Links -->
    15:         <ul class="hidden px-4 mx-auto space-x-12  md:flex font-heading">
    16:           <li><a class="hover:text-gray-200" href="/">Home</a></li>
    17:         #    <% if current_user %>
    18: 
    19: 
    20:         #     <li><a class="hover:text-gray-200" href="#">  <%= link_to "My Media", pages_media_path %></a></li>
  
app/views/layouts/_nav.html.erb:17
app/views/layouts/application.html.erb:14
Started GET "/posts" for ::1 at 2023-10-05 23:35:34 +0000
  [1m[36mActiveRecord::SchemaMigration Pluck (2.4ms)[0m  [1m[34mSELECT "schema_migrations"."version" FROM "schema_migrations" ORDER BY "schema_migrations"."version" ASC[0m
Processing by PostsController#index as HTML
  Rendering layout layouts/application.html.erb
  Rendering posts/index.html.erb within layouts/application
  [1m[36mPost Load (2.8ms)[0m  [1m[34mSELECT "posts".* FROM "posts"[0m
  ↳ app/views/posts/index.html.erb:6
  Rendered posts/_post.html.erb (Duration: 10.2ms | Allocations: 263)
  Rendered posts/_post.html.erb (Duration: 0.0ms | Allocations: 18)
  Rendered posts/index.html.erb within layouts/application (Duration: 82.7ms | Allocations: 6951)
  Rendered layouts/_nav.html.erb (Duration: 23.0ms | Allocations: 5285)
  Rendered layout layouts/application.html.erb (Duration: 1302.1ms | Allocations: 47826)
Completed 500 Internal Server Error in 1534ms (ActiveRecord: 14.6ms | Allocations: 52672)


  
ActionView::Template::Error (undefined local variable or method `current_user' for #<ActionView::Base:0x0000000000b018>

        #    '.freeze; if current_user ;@output_buffer.safe_append='
                          ^^^^^^^^^^^^
Did you mean?  current_page?):
    14:         <!-- Nav Links -->
    15:         <ul class="hidden px-4 mx-auto space-x-12  md:flex font-heading">
    16:           <li><a class="hover:text-gray-200" href="/">Home</a></li>
    17:         #    <% if current_user %>
    18: 
    19: 
    20:         #     <li><a class="hover:text-gray-200" href="#">  <%= link_to "My Media", pages_media_path %></a></li>
  
app/views/layouts/_nav.html.erb:17
app/views/layouts/application.html.erb:14
Started GET "/posts" for ::1 at 2023-10-05 23:37:55 +0000
Processing by PostsController#index as HTML
  Rendering layout layouts/application.html.erb
  Rendering posts/index.html.erb within layouts/application
  [1m[36mPost Load (2.3ms)[0m  [1m[34mSELECT "posts".* FROM "posts"[0m
  ↳ app/views/posts/index.html.erb:6
  Rendered posts/_post.html.erb (Duration: 10.6ms | Allocations: 185)
  Rendered posts/_post.html.erb (Duration: 0.0ms | Allocations: 18)
  Rendered posts/index.html.erb within layouts/application (Duration: 40.0ms | Allocations: 1725)
  Rendered layouts/_nav.html.erb (Duration: 17.0ms | Allocations: 4870)
  Rendered layout layouts/application.html.erb (Duration: 179.1ms | Allocations: 9364)
Completed 500 Internal Server Error in 236ms (ActiveRecord: 2.3ms | Allocations: 10300)


  
ActionView::Template::Error (undefined local variable or method `current_user' for #<ActionView::Base:0x0000000000b400>

        #    '.freeze; if current_user ;@output_buffer.safe_append='
                          ^^^^^^^^^^^^
Did you mean?  current_page?):
    14:         <!-- Nav Links -->
    15:         # <ul class="hidden px-4 mx-auto space-x-12  md:flex font-heading">
    16:         #   <li><a class="hover:text-gray-200" href="/">Home</a></li>
    17:         #    <% if current_user %>
    18: 
    19: 
    20:         #     <li><a class="hover:text-gray-200" href="#">  <%= link_to "My Media", pages_media_path %></a></li>
  
app/views/layouts/_nav.html.erb:17
app/views/layouts/application.html.erb:14
Started GET "/posts" for ::1 at 2023-10-05 23:37:58 +0000
Processing by PostsController#index as HTML
  Rendering layout layouts/application.html.erb
  Rendering posts/index.html.erb within layouts/application
  [1m[36mPost Load (2.4ms)[0m  [1m[34mSELECT "posts".* FROM "posts"[0m
  ↳ app/views/posts/index.html.erb:6
  Rendered posts/_post.html.erb (Duration: 0.1ms | Allocations: 19)
  Rendered posts/_post.html.erb (Duration: 0.0ms | Allocations: 18)
  Rendered posts/index.html.erb within layouts/application (Duration: 5.3ms | Allocations: 1011)
  Rendered layouts/_nav.html.erb (Duration: 6.7ms | Allocations: 4567)
  Rendered layout layouts/application.html.erb (Duration: 120.0ms | Allocations: 7842)
Completed 500 Internal Server Error in 150ms (ActiveRecord: 2.4ms | Allocations: 8118)


  
ActionView::Template::Error (undefined local variable or method `current_user' for #<ActionView::Base:0x0000000000b6f8>

        #    '.freeze; if current_user ;@output_buffer.safe_append='
                          ^^^^^^^^^^^^
Did you mean?  current_page?):
    14:         <!-- Nav Links -->
    15:         # <ul class="hidden px-4 mx-auto space-x-12  md:flex font-heading">
    16:         #   <li><a class="hover:text-gray-200" href="/">Home</a></li>
    17:         #    <% if current_user %>
    18: 
    19: 
    20:         #     <li><a class="hover:text-gray-200" href="#">  <%= link_to "My Media", pages_media_path %></a></li>
  
app/views/layouts/_nav.html.erb:17
app/views/layouts/application.html.erb:14
Started GET "/posts" for ::1 at 2023-10-05 23:40:33 +0000
Processing by PostsController#index as HTML
  Rendering layout layouts/application.html.erb
  Rendering posts/index.html.erb within layouts/application
  [1m[36mPost Load (2.2ms)[0m  [1m[34mSELECT "posts".* FROM "posts"[0m
  ↳ app/views/posts/index.html.erb:6
  Rendered posts/_post.html.erb (Duration: 9.3ms | Allocations: 185)
  Rendered posts/_post.html.erb (Duration: 0.1ms | Allocations: 18)
  Rendered posts/index.html.erb within layouts/application (Duration: 39.5ms | Allocations: 1722)
  Rendered layouts/_nav.html.erb (Duration: 16.0ms | Allocations: 4881)
  Rendered layout layouts/application.html.erb (Duration: 166.7ms | Allocations: 9375)
Completed 500 Internal Server Error in 222ms (ActiveRecord: 2.2ms | Allocations: 10286)


  
ActionView::Template::Error (undefined local variable or method `current_user' for #<ActionView::Base:0x0000000000bae0>

        #    '.freeze; if current_user ;@output_buffer.safe_append='
                          ^^^^^^^^^^^^
Did you mean?  current_page?):
    14:         <!-- Nav Links -->
    15:         # <ul class="hidden px-4 mx-auto space-x-12  md:flex font-heading">
    16:         #   <li><a class="hover:text-gray-200" href="/">Home</a></li>
    17:         #    <% if current_user %>
    18: 
    19: 
    20:         #     <li><a class="hover:text-gray-200" href="#">  <%= link_to "My Media", pages_media_path %></a></li>
  
app/views/layouts/_nav.html.erb:17
app/views/layouts/application.html.erb:14
Started GET "/posts" for ::1 at 2023-10-05 23:40:36 +0000
Processing by PostsController#index as HTML
  Rendering layout layouts/application.html.erb
  Rendering posts/index.html.erb within layouts/application
  [1m[36mPost Load (3.3ms)[0m  [1m[34mSELECT "posts".* FROM "posts"[0m
  ↳ app/views/posts/index.html.erb:6
  Rendered posts/_post.html.erb (Duration: 0.1ms | Allocations: 19)
  Rendered posts/_post.html.erb (Duration: 0.1ms | Allocations: 18)
  Rendered posts/index.html.erb within layouts/application (Duration: 7.5ms | Allocations: 1004)
  Rendered layouts/_nav.html.erb (Duration: 7.3ms | Allocations: 4571)
  Rendered layout layouts/application.html.erb (Duration: 120.5ms | Allocations: 7838)
Completed 500 Internal Server Error in 149ms (ActiveRecord: 3.3ms | Allocations: 8106)


  
ActionView::Template::Error (undefined local variable or method `current_user' for #<ActionView::Base:0x0000000000bdb0>

        #    '.freeze; if current_user ;@output_buffer.safe_append='
                          ^^^^^^^^^^^^
Did you mean?  current_page?):
    14:         <!-- Nav Links -->
    15:         # <ul class="hidden px-4 mx-auto space-x-12  md:flex font-heading">
    16:         #   <li><a class="hover:text-gray-200" href="/">Home</a></li>
    17:         #    <% if current_user %>
    18: 
    19: 
    20:         #     <li><a class="hover:text-gray-200" href="#">  <%= link_to "My Media", pages_media_path %></a></li>
  
app/views/layouts/_nav.html.erb:17
app/views/layouts/application.html.erb:14
Started GET "/posts" for ::1 at 2023-10-05 23:40:53 +0000
Processing by PostsController#index as HTML
  Rendering layout layouts/application.html.erb
  Rendering posts/index.html.erb within layouts/application
  [1m[36mPost Load (3.1ms)[0m  [1m[34mSELECT "posts".* FROM "posts"[0m
  ↳ app/views/posts/index.html.erb:6
  Rendered posts/_post.html.erb (Duration: 10.0ms | Allocations: 185)
  Rendered posts/_post.html.erb (Duration: 0.1ms | Allocations: 18)
  Rendered posts/index.html.erb within layouts/application (Duration: 36.6ms | Allocations: 1712)
  Rendered layouts/_nav.html.erb (Duration: 15.7ms | Allocations: 4889)
  Rendered layout layouts/application.html.erb (Duration: 163.9ms | Allocations: 9370)
Completed 500 Internal Server Error in 216ms (ActiveRecord: 3.1ms | Allocations: 10270)


  
ActionView::Template::Error (undefined local variable or method `current_user' for #<ActionView::Base:0x0000000000c120>

#         #    '.freeze; if current_user ;@output_buffer.safe_append='
                            ^^^^^^^^^^^^
Did you mean?  current_page?):
    14: #         <!-- Nav Links -->
    15: #         # <ul class="hidden px-4 mx-auto space-x-12  md:flex font-heading">
    16: #         #   <li><a class="hover:text-gray-200" href="/">Home</a></li>
    17: #         #    <% if current_user %>
    18: 
    19: 
    20: #         #     <li><a class="hover:text-gray-200" href="#">  <%= link_to "My Media", pages_media_path %></a></li>
  
app/views/layouts/_nav.html.erb:17
app/views/layouts/application.html.erb:14
Started GET "/posts" for ::1 at 2023-10-05 23:41:30 +0000
Processing by PostsController#index as HTML
  Rendering layout layouts/application.html.erb
  Rendering posts/index.html.erb within layouts/application
  [1m[36mPost Load (2.2ms)[0m  [1m[34mSELECT "posts".* FROM "posts"[0m
  ↳ app/views/posts/index.html.erb:6
  Rendered posts/_post.html.erb (Duration: 10.4ms | Allocations: 185)
  Rendered posts/_post.html.erb (Duration: 0.1ms | Allocations: 18)
  Rendered posts/index.html.erb within layouts/application (Duration: 38.5ms | Allocations: 1712)
  Rendered layouts/_nav.html.erb (Duration: 18.0ms | Allocations: 4888)
  Rendered layout layouts/application.html.erb (Duration: 167.5ms | Allocations: 9369)
Completed 500 Internal Server Error in 220ms (ActiveRecord: 2.2ms | Allocations: 10291)


  
ActionView::Template::Error (undefined local variable or method `current_user' for #<ActionView::Base:0x0000000000c4e0>

#            '.freeze; if current_user ;@output_buffer.safe_append='
                          ^^^^^^^^^^^^
Did you mean?  current_page?):
    14: #         <!-- Nav Links -->
    15: #         <ul class="hidden px-4 mx-auto space-x-12  md:flex font-heading">
    16: #           <li><a class="hover:text-gray-200" href="/">Home</a></li>
    17: #            <% if current_user %>
    18: 
    19: 
    20: #             <li><a class="hover:text-gray-200" href="#">  <%= link_to "My Media", pages_media_path %></a></li>
  
app/views/layouts/_nav.html.erb:17
app/views/layouts/application.html.erb:14
Started GET "/posts" for ::1 at 2023-10-05 23:41:32 +0000
Processing by PostsController#index as HTML
  Rendering layout layouts/application.html.erb
  Rendering posts/index.html.erb within layouts/application
  [1m[36mPost Load (2.7ms)[0m  [1m[34mSELECT "posts".* FROM "posts"[0m
  ↳ app/views/posts/index.html.erb:6
  Rendered posts/_post.html.erb (Duration: 0.1ms | Allocations: 19)
  Rendered posts/_post.html.erb (Duration: 0.0ms | Allocations: 18)
  Rendered posts/index.html.erb within layouts/application (Duration: 8.0ms | Allocations: 1004)
  Rendered layouts/_nav.html.erb (Duration: 7.5ms | Allocations: 4571)
  Rendered layout layouts/application.html.erb (Duration: 117.5ms | Allocations: 7838)
Completed 500 Internal Server Error in 145ms (ActiveRecord: 2.7ms | Allocations: 8106)


  
ActionView::Template::Error (undefined local variable or method `current_user' for #<ActionView::Base:0x0000000000c7b0>

#            '.freeze; if current_user ;@output_buffer.safe_append='
                          ^^^^^^^^^^^^
Did you mean?  current_page?):
    14: #         <!-- Nav Links -->
    15: #         <ul class="hidden px-4 mx-auto space-x-12  md:flex font-heading">
    16: #           <li><a class="hover:text-gray-200" href="/">Home</a></li>
    17: #            <% if current_user %>
    18: 
    19: 
    20: #             <li><a class="hover:text-gray-200" href="#">  <%= link_to "My Media", pages_media_path %></a></li>
  
app/views/layouts/_nav.html.erb:17
app/views/layouts/application.html.erb:14
